# JRE version: OpenJDK Runtime Environment (8.0_152-b28) (build 1.8.0_152-release-1343-b28)
# Java VM: OpenJDK 64-Bit Server VM (25.152-b28 mixed mode linux-amd64 compressed oops)
Heap:
 par new generation   total 209984K, used 191662K [0x00000000d1200000, 0x00000000df5d0000, 0x00000000e0c00000)
  eden space 186688K,  99% used [0x00000000d1200000, 0x00000000dc7e0e08, 0x00000000dc850000)
  from space 23296K,  23% used [0x00000000dc850000, 0x00000000dcd9ac10, 0x00000000ddf10000)
  to   space 23296K,   0% used [0x00000000ddf10000, 0x00000000ddf10000, 0x00000000df5d0000)
 concurrent mark-sweep generation total 466260K, used 354239K [0x00000000e0c00000, 0x00000000fd355000, 0x0000000100000000)
 Metaspace       used 213316K, capacity 229242K, committed 229552K, reserved 1249280K
  class space    used 26280K, capacity 28842K, committed 28968K, reserved 1048576K
GC Heap History (10 events):
Event: 43498.669 GC heap before
{Heap before GC invocations=2315 (full 55):
 par new generation   total 209984K, used 197750K [0x00000000d1200000, 0x00000000df5d0000, 0x00000000e0c00000)
  eden space 186688K, 100% used [0x00000000d1200000, 0x00000000dc850000, 0x00000000dc850000)
  from space 23296K,  47% used [0x00000000ddf10000, 0x00000000de9dd938, 0x00000000df5d0000)
  to   space 23296K,   0% used [0x00000000dc850000, 0x00000000dc850000, 0x00000000ddf10000)
 concurrent mark-sweep generation total 466260K, used 353941K [0x00000000e0c00000, 0x00000000fd355000, 0x0000000100000000)
 Metaspace       used 213277K, capacity 229162K, committed 229168K, reserved 1249280K
  class space    used 26278K, capacity 28840K, committed 28840K, reserved 1048576K
Event: 43498.677 GC heap after
Heap after GC invocations=2316 (full 55):
 par new generation   total 209984K, used 7464K [0x00000000d1200000, 0x00000000df5d0000, 0x00000000e0c00000)
  eden space 186688K,   0% used [0x00000000d1200000, 0x00000000d1200000, 0x00000000dc850000)
  from space 23296K,  32% used [0x00000000dc850000, 0x00000000dcf9a368, 0x00000000ddf10000)
  to   space 23296K,   0% used [0x00000000ddf10000, 0x00000000ddf10000, 0x00000000df5d0000)
 concurrent mark-sweep generation total 466260K, used 353941K [0x00000000e0c00000, 0x00000000fd355000, 0x0000000100000000)
 Metaspace       used 213277K, capacity 229162K, committed 229168K, reserved 1249280K
  class space    used 26278K, capacity 28840K, committed 28840K, reserved 1048576K
}
Event: 43519.798 GC heap before
{Heap before GC invocations=2316 (full 55):
 par new generation   total 209984K, used 194152K [0x00000000d1200000, 0x00000000df5d0000, 0x00000000e0c00000)
  eden space 186688K, 100% used [0x00000000d1200000, 0x00000000dc850000, 0x00000000dc850000)
  from space 23296K,  32% used [0x00000000dc850000, 0x00000000dcf9a368, 0x00000000ddf10000)
  to   space 23296K,   0% used [0x00000000ddf10000, 0x00000000ddf10000, 0x00000000df5d0000)
 concurrent mark-sweep generation total 466260K, used 353941K [0x00000000e0c00000, 0x00000000fd355000, 0x0000000100000000)
 Metaspace       used 213292K, capacity 229166K, committed 229168K, reserved 1249280K
  class space    used 26278K, capacity 28840K, committed 28840K, reserved 1048576K
Event: 43519.808 GC heap after
Heap after GC invocations=2317 (full 55):
 par new generation   total 209984K, used 9779K [0x00000000d1200000, 0x00000000df5d0000, 0x00000000e0c00000)
  eden space 186688K,   0% used [0x00000000d1200000, 0x00000000d1200000, 0x00000000dc850000)
  from space 23296K,  41% used [0x00000000ddf10000, 0x00000000de89cff8, 0x00000000df5d0000)
  to   space 23296K,   0% used [0x00000000dc850000, 0x00000000dc850000, 0x00000000ddf10000)
 concurrent mark-sweep generation total 466260K, used 353941K [0x00000000e0c00000, 0x00000000fd355000, 0x0000000100000000)
 Metaspace       used 213292K, capacity 229166K, committed 229168K, reserved 1249280K
  class space    used 26278K, capacity 28840K, committed 28840K, reserved 1048576K
}
Event: 43552.722 GC heap before
{Heap before GC invocations=2317 (full 55):
 par new generation   total 209984K, used 196467K [0x00000000d1200000, 0x00000000df5d0000, 0x00000000e0c00000)
  eden space 186688K, 100% used [0x00000000d1200000, 0x00000000dc850000, 0x00000000dc850000)
  from space 23296K,  41% used [0x00000000ddf10000, 0x00000000de89cff8, 0x00000000df5d0000)
  to   space 23296K,   0% used [0x00000000dc850000, 0x00000000dc850000, 0x00000000ddf10000)
 concurrent mark-sweep generation total 466260K, used 353941K [0x00000000e0c00000, 0x00000000fd355000, 0x0000000100000000)
 Metaspace       used 213293K, capacity 229166K, committed 229168K, reserved 1249280K
  class space    used 26278K, capacity 28840K, committed 28840K, reserved 1048576K
Event: 43552.734 GC heap after
Heap after GC invocations=2318 (full 55):
 par new generation   total 209984K, used 6639K [0x00000000d1200000, 0x00000000df5d0000, 0x00000000e0c00000)
  eden space 186688K,   0% used [0x00000000d1200000, 0x00000000d1200000, 0x00000000dc850000)
  from space 23296K,  28% used [0x00000000dc850000, 0x00000000dcecbf98, 0x00000000ddf10000)
  to   space 23296K,   0% used [0x00000000ddf10000, 0x00000000ddf10000, 0x00000000df5d0000)
 concurrent mark-sweep generation total 466260K, used 353941K [0x00000000e0c00000, 0x00000000fd355000, 0x0000000100000000)
 Metaspace       used 213293K, capacity 229166K, committed 229168K, reserved 1249280K
  class space    used 26278K, capacity 28840K, committed 28840K, reserved 1048576K
}
Event: 43575.500 GC heap before
{Heap before GC invocations=2318 (full 55):
 par new generation   total 209984K, used 193327K [0x00000000d1200000, 0x00000000df5d0000, 0x00000000e0c00000)
  eden space 186688K, 100% used [0x00000000d1200000, 0x00000000dc850000, 0x00000000dc850000)
  from space 23296K,  28% used [0x00000000dc850000, 0x00000000dcecbf98, 0x00000000ddf10000)
  to   space 23296K,   0% used [0x00000000ddf10000, 0x00000000ddf10000, 0x00000000df5d0000)
 concurrent mark-sweep generation total 466260K, used 353941K [0x00000000e0c00000, 0x00000000fd355000, 0x0000000100000000)
 Metaspace       used 213293K, capacity 229166K, committed 229168K, reserved 1249280K
  class space    used 26278K, capacity 28840K, committed 28840K, reserved 1048576K
Event: 43575.511 GC heap after
Heap after GC invocations=2319 (full 55):
 par new generation   total 209984K, used 5386K [0x00000000d1200000, 0x00000000df5d0000, 0x00000000e0c00000)
  eden space 186688K,   0% used [0x00000000d1200000, 0x00000000d1200000, 0x00000000dc850000)
  from space 23296K,  23% used [0x00000000ddf10000, 0x00000000de452840, 0x00000000df5d0000)
  to   space 23296K,   0% used [0x00000000dc850000, 0x00000000dc850000, 0x00000000ddf10000)
 concurrent mark-sweep generation total 466260K, used 353941K [0x00000000e0c00000, 0x00000000fd355000, 0x0000000100000000)
 Metaspace       used 213293K, capacity 229166K, committed 229168K, reserved 1249280K
  class space    used 26278K, capacity 28840K, committed 28840K, reserved 1048576K
}
Event: 43600.815 GC heap before
{Heap before GC invocations=2319 (full 55):
 par new generation   total 209984K, used 192074K [0x00000000d1200000, 0x00000000df5d0000, 0x00000000e0c00000)
  eden space 186688K, 100% used [0x00000000d1200000, 0x00000000dc850000, 0x00000000dc850000)
  from space 23296K,  23% used [0x00000000ddf10000, 0x00000000de452840, 0x00000000df5d0000)
  to   space 23296K,   0% used [0x00000000dc850000, 0x00000000dc850000, 0x00000000ddf10000)
 concurrent mark-sweep generation total 466260K, used 353941K [0x00000000e0c00000, 0x00000000fd355000, 0x0000000100000000)
 Metaspace       used 213300K, capacity 229166K, committed 229168K, reserved 1249280K
  class space    used 26279K, capacity 28840K, committed 28840K, reserved 1048576K
Event: 43600.825 GC heap after
Heap after GC invocations=2320 (full 55):
 par new generation   total 209984K, used 5419K [0x00000000d1200000, 0x00000000df5d0000, 0x00000000e0c00000)
  eden space 186688K,   0% used [0x00000000d1200000, 0x00000000d1200000, 0x00000000dc850000)
  from space 23296K,  23% used [0x00000000dc850000, 0x00000000dcd9ac10, 0x00000000ddf10000)
  to   space 23296K,   0% used [0x00000000ddf10000, 0x00000000ddf10000, 0x00000000df5d0000)
 concurrent mark-sweep generation total 466260K, used 354239K [0x00000000e0c00000, 0x00000000fd355000, 0x0000000100000000)
 Metaspace       used 213300K, capacity 229166K, committed 229168K, reserved 1249280K
  class space    used 26279K, capacity 28840K, committed 28840K, reserved 1048576K
}

